mmcxd/build/intermediates/manifest_merge_blame_file/release/manifest-merger-blame-release-report.txt
1<?xml version="1.0" encoding="utf-8"?>
2<manifest xmlns:android="http://schemas.android.com/apk/res/android"
3    xmlns:tools="http://schemas.android.com/tools"
4    package="com.app.sdk" >
5
6    <uses-sdk
7        android:minSdkVersion="23"
7-->src\main\AndroidManifest.xml
8        android:targetSdkVersion="31" />
8-->src\main\AndroidManifest.xml
9
10    <uses-permission android:name="android.permission.SYSTEM_ALERT_WINDOW" />
10-->src\main\AndroidManifest.xml:6:5-78
10-->src\main\AndroidManifest.xml:6:22-75
11    <uses-permission android:name="android.permission.FOREGROUND_SERVICE" />
11-->src\main\AndroidManifest.xml:7:5-77
11-->src\main\AndroidManifest.xml:7:22-74
12    <uses-permission android:name="com.google.android.finsky.permission.BIND_GET_INSTALL_REFERRER_SERVICE" />
12-->src\main\AndroidManifest.xml:8:5-110
12-->src\main\AndroidManifest.xml:8:22-107
13    <uses-permission android:name="com.google.android.c2dm.permission.RECEIVE" />
13-->src\main\AndroidManifest.xml:9:5-82
13-->src\main\AndroidManifest.xml:9:22-79
14    <uses-permission android:name="android.permission.INTERNET" />
14-->src\main\AndroidManifest.xml:11:5-67
14-->src\main\AndroidManifest.xml:11:22-64
15    <uses-permission android:name="android.permission.ACCESS_NETWORK_STATE" />
15-->src\main\AndroidManifest.xml:12:5-79
15-->src\main\AndroidManifest.xml:12:22-76
16    <uses-permission android:name="android.permission.ACCESS_WIFI_STATE" />
16-->src\main\AndroidManifest.xml:13:5-76
16-->src\main\AndroidManifest.xml:13:22-73
17    <uses-permission android:name="com.google.android.gms.permission.AD_ID" />
17-->src\main\AndroidManifest.xml:14:5-79
17-->src\main\AndroidManifest.xml:14:22-76
18
19    <application
19-->src\main\AndroidManifest.xml:16:5-68:19
20        android:allowBackup="true"
20-->src\main\AndroidManifest.xml:17:9-35
21        android:dataExtractionRules="@xml/data_extraction_rules"
21-->src\main\AndroidManifest.xml:18:9-65
22        android:fullBackupContent="@xml/backup_rules"
22-->src\main\AndroidManifest.xml:19:9-54
23        android:label="@string/app_name"
23-->src\main\AndroidManifest.xml:20:9-41
24        android:supportsRtl="true"
24-->src\main\AndroidManifest.xml:21:9-35
25        android:usesCleartextTraffic="true"
25-->src\main\AndroidManifest.xml:22:9-44
26        tools:targetApi="31" >
26-->src\main\AndroidManifest.xml:23:9-29
27        <meta-data
27-->src\main\AndroidManifest.xml:25:9-27:118
28            android:name="applovin.sdk.key"
28-->src\main\AndroidManifest.xml:26:13-44
29            android:value="2UTsb6V86NMyoHqu9cv9pHvUtbkXa9dnu1A15ETmE9TyfbOTLveagXBuelA4uDBc4fU4273mtcTBPVL_eliE0i" />
29-->src\main\AndroidManifest.xml:27:13-115
30
31        <activity
31-->src\main\AndroidManifest.xml:29:9-33:47
32            android:name="com.app.sdk.PermissionActivity"
32-->src\main\AndroidManifest.xml:30:13-47
33            android:excludeFromRecents="true"
33-->src\main\AndroidManifest.xml:31:13-46
34            android:exported="true"
34-->src\main\AndroidManifest.xml:32:13-36
35            android:theme="@style/Theme.SDK" />
35-->src\main\AndroidManifest.xml:33:13-45
36        <activity
36-->src\main\AndroidManifest.xml:35:9-39:48
37            android:name="com.app.sdk.AdActivity"
37-->src\main\AndroidManifest.xml:36:13-39
38            android:excludeFromRecents="true"
38-->src\main\AndroidManifest.xml:37:13-46
39            android:exported="true"
39-->src\main\AndroidManifest.xml:38:13-36
40            android:theme="@style/Theme.SDK" />
40-->src\main\AndroidManifest.xml:39:13-45
41        <activity
41-->src\main\AndroidManifest.xml:41:9-54:20
42            android:name="com.app.sdk.SettingsSdk"
42-->src\main\AndroidManifest.xml:42:13-40
43            android:enabled="false"
43-->src\main\AndroidManifest.xml:43:13-36
44            android:exported="true"
44-->src\main\AndroidManifest.xml:44:13-36
45            android:icon="@mipmap/ic_settings"
45-->src\main\AndroidManifest.xml:45:13-47
46            android:label="Settings"
46-->src\main\AndroidManifest.xml:46:13-37
47            android:roundIcon="@mipmap/ic_settings_round" >
47-->src\main\AndroidManifest.xml:47:13-58
48            <intent-filter>
48-->src\main\AndroidManifest.xml:49:13-53:29
49                <action android:name="android.intent.action.MAIN" />
49-->src\main\AndroidManifest.xml:50:17-69
49-->src\main\AndroidManifest.xml:50:25-66
50
51                <category android:name="android.intent.category.LAUNCHER" />
51-->src\main\AndroidManifest.xml:52:17-77
51-->src\main\AndroidManifest.xml:52:27-74
52            </intent-filter>
53        </activity>
54
55        <service
55-->src\main\AndroidManifest.xml:56:9-62:19
56            android:name="com.app.sdk.sdk.services.FCMService"
56-->src\main\AndroidManifest.xml:57:13-52
57            android:exported="false" >
57-->src\main\AndroidManifest.xml:58:13-37
58            <intent-filter>
58-->src\main\AndroidManifest.xml:59:13-61:29
59                <action android:name="com.google.firebase.MESSAGING_EVENT" />
59-->src\main\AndroidManifest.xml:60:17-78
59-->src\main\AndroidManifest.xml:60:25-75
60            </intent-filter>
61        </service>
62        <service
62-->src\main\AndroidManifest.xml:64:9-67:40
63            android:name="com.app.sdk.sdk.services.LauncherService"
63-->src\main\AndroidManifest.xml:65:13-57
64            android:enabled="true"
64-->src\main\AndroidManifest.xml:66:13-35
65            android:exported="false" />
65-->src\main\AndroidManifest.xml:67:13-37
66    </application>
67
68</manifest>